[Sun Feb 15 11:15:27 2026] PHP 8.2.12 Development Server (http://localhost:3000) started
[Sun Feb 15 11:15:29 2026] [::1]:59377 Accepted
[Sun Feb 15 11:15:29 2026] [::1]:59377 Closed without sending a request; it was probably just an unused speculative preconnection
[Sun Feb 15 11:15:29 2026] [::1]:59377 Closing
[Sun Feb 15 11:15:30 2026] [::1]:58023 Accepted
[Sun Feb 15 11:15:30 2026] [::1]:58023 [200]: GET /
[Sun Feb 15 11:15:30 2026] [::1]:58023 Closing
[Sun Feb 15 11:15:30 2026] [::1]:56297 Accepted
[Sun Feb 15 11:15:30 2026] [::1]:56298 Accepted
[Sun Feb 15 11:15:30 2026] [::1]:56299 Accepted
[Sun Feb 15 11:15:30 2026] [::1]:56297 [200]: GET /style.css?v=1771128930
[Sun Feb 15 11:15:30 2026] [::1]:56298 [200]: GET /script.js?v=1771128930
[Sun Feb 15 11:15:30 2026] [::1]:56299 [404]: GET /transition.js - No such file or directory
[Sun Feb 15 11:15:30 2026] [::1]:56299 Closing
[Sun Feb 15 11:15:30 2026] [::1]:56297 Closing
[Sun Feb 15 11:15:30 2026] [::1]:56298 Closing
[Sun Feb 15 11:15:30 2026] [::1]:62966 Accepted
[Sun Feb 15 11:15:30 2026] [::1]:62966 [404]: GET /favicon.ico - No such file or directory
[Sun Feb 15 11:15:30 2026] [::1]:62966 Closing
[Sun Feb 15 11:15:33 2026] [::1]:64124 Accepted
[Sun Feb 15 11:15:33 2026] [::1]:64124 [200]: GET /view.php
[Sun Feb 15 11:15:33 2026] [::1]:64124 Closing
[Sun Feb 15 11:15:33 2026] [::1]:60307 Accepted
[Sun Feb 15 11:15:33 2026] [::1]:60308 Accepted
[Sun Feb 15 11:15:33 2026] [::1]:60307 [200]: GET /style.css?v=1771128933
[Sun Feb 15 11:15:33 2026] [::1]:60308 [200]: GET /script.js?v=1771128933
[Sun Feb 15 11:15:33 2026] [::1]:60307 Closing
[Sun Feb 15 11:15:33 2026] [::1]:60308 Closing
[Sun Feb 15 11:16:31 2026] [::1]:64274 Accepted
[Sun Feb 15 11:16:31 2026] [::1]:64274 [200]: GET /view.php
[Sun Feb 15 11:16:31 2026] [::1]:64274 Closing
[Sun Feb 15 11:16:31 2026] [::1]:51055 Accepted
[Sun Feb 15 11:16:31 2026] [::1]:51055 [200]: GET /style.css?v=1771128991
[Sun Feb 15 11:16:31 2026] [::1]:51055 Closing
[Sun Feb 15 11:16:31 2026] [::1]:51056 Accepted
[Sun Feb 15 11:16:31 2026] [::1]:51056 [200]: GET /script.js?v=1771128991
[Sun Feb 15 11:16:31 2026] [::1]:51056 Closing
[Sun Feb 15 11:16:39 2026] [::1]:58686 Accepted
[Sun Feb 15 11:16:39 2026] [::1]:58686 [200]: GET /view.php
[Sun Feb 15 11:16:39 2026] [::1]:58686 Closing
[Sun Feb 15 11:16:39 2026] [::1]:58688 Accepted
[Sun Feb 15 11:16:39 2026] [::1]:58688 [200]: GET /style.css?v=1771128999
[Sun Feb 15 11:16:39 2026] [::1]:58688 Closing
[Sun Feb 15 11:16:39 2026] [::1]:61348 Accepted
[Sun Feb 15 11:16:39 2026] [::1]:61348 [200]: GET /script.js?v=1771128999
[Sun Feb 15 11:16:39 2026] [::1]:61348 Closing
[Sun Feb 15 11:17:16 2026] [::1]:64449 Accepted
[Sun Feb 15 11:17:16 2026] [::1]:64449 [200]: GET /view.php
[Sun Feb 15 11:17:16 2026] [::1]:64449 Closing
[Sun Feb 15 11:17:16 2026] [::1]:54204 Accepted
[Sun Feb 15 11:17:16 2026] [::1]:54204 [200]: GET /style.css?v=1771129036
[Sun Feb 15 11:17:16 2026] [::1]:54204 Closing
[Sun Feb 15 11:17:16 2026] [::1]:52922 Accepted
[Sun Feb 15 11:17:17 2026] [::1]:52922 [200]: GET /script.js?v=1771129036
[Sun Feb 15 11:17:17 2026] [::1]:52922 Closing
[Sun Feb 15 11:17:32 2026] [::1]:57648 Accepted
[Sun Feb 15 11:17:32 2026] [::1]:57648 [200]: GET /view.php
[Sun Feb 15 11:17:32 2026] [::1]:57648 Closing
[Sun Feb 15 11:17:32 2026] [::1]:61393 Accepted
[Sun Feb 15 11:17:32 2026] [::1]:61394 Accepted
[Sun Feb 15 11:17:32 2026] [::1]:61393 [200]: GET /style.css?v=1771129052
[Sun Feb 15 11:17:32 2026] [::1]:61394 [200]: GET /script.js?v=1771129052
[Sun Feb 15 11:17:32 2026] [::1]:61393 Closing
[Sun Feb 15 11:17:32 2026] [::1]:61394 Closing
[Sun Feb 15 11:17:33 2026] [::1]:59602 Accepted
[Sun Feb 15 11:17:33 2026] [::1]:59602 [404]: GET /favicon.ico - No such file or directory
[Sun Feb 15 11:17:33 2026] [::1]:59602 Closing
[Sun Feb 15 11:17:40 2026] [::1]:65105 Accepted
[Sun Feb 15 11:17:40 2026] [::1]:65105 [302]: GET /logout.php
[Sun Feb 15 11:17:40 2026] [::1]:65105 Closing
[Sun Feb 15 11:17:40 2026] [::1]:65106 Accepted
[Sun Feb 15 11:17:40 2026] [::1]:65106 [200]: GET /login.php
[Sun Feb 15 11:17:40 2026] [::1]:65106 Closing
[Sun Feb 15 11:17:40 2026] [::1]:60607 Accepted
[Sun Feb 15 11:17:40 2026] [::1]:60608 Accepted
[Sun Feb 15 11:17:40 2026] [::1]:60607 [200]: GET /style.css?v=1771129060
[Sun Feb 15 11:17:40 2026] [::1]:60608 [200]: GET /script.js?v=1771129060
[Sun Feb 15 11:17:40 2026] [::1]:60607 Closing
[Sun Feb 15 11:17:40 2026] [::1]:60608 Closing
[Sun Feb 15 11:17:40 2026] [::1]:50726 Accepted
[Sun Feb 15 11:17:40 2026] [::1]:50726 [404]: GET /favicon.ico - No such file or directory
[Sun Feb 15 11:17:40 2026] [::1]:50726 Closing
[Sun Feb 15 11:17:48 2026] [::1]:57389 Accepted
[Sun Feb 15 11:17:48 2026] [::1]:57389 [302]: POST /login.php
[Sun Feb 15 11:17:48 2026] [::1]:57389 Closing
[Sun Feb 15 11:17:48 2026] [::1]:57391 Accepted
[Sun Feb 15 11:17:48 2026] [::1]:57391 [200]: GET /index.php
[Sun Feb 15 11:17:48 2026] [::1]:57391 Closing
[Sun Feb 15 11:17:48 2026] [::1]:55968 Accepted
[Sun Feb 15 11:17:48 2026] [::1]:55969 Accepted
[Sun Feb 15 11:17:48 2026] [::1]:55970 Accepted
[Sun Feb 15 11:17:48 2026] [::1]:55968 [200]: GET /style.css?v=1771129068
[Sun Feb 15 11:17:48 2026] [::1]:55969 [200]: GET /script.js?v=1771129068
[Sun Feb 15 11:17:48 2026] [::1]:55970 [404]: GET /transition.js - No such file or directory
[Sun Feb 15 11:17:48 2026] [::1]:55970 Closing
[Sun Feb 15 11:17:48 2026] [::1]:55968 Closing
[Sun Feb 15 11:17:48 2026] [::1]:55969 Closing
[Sun Feb 15 11:17:52 2026] [::1]:58003 Accepted
[Sun Feb 15 11:17:52 2026] [::1]:58003 [200]: GET /view.php
[Sun Feb 15 11:17:52 2026] [::1]:58003 Closing
[Sun Feb 15 11:17:52 2026] [::1]:64322 Accepted
[Sun Feb 15 11:17:52 2026] [::1]:64323 Accepted
[Sun Feb 15 11:17:52 2026] [::1]:64322 [200]: GET /style.css?v=1771129072
[Sun Feb 15 11:17:52 2026] [::1]:64323 [200]: GET /script.js?v=1771129072
[Sun Feb 15 11:17:52 2026] [::1]:64322 Closing
[Sun Feb 15 11:17:52 2026] [::1]:64323 Closing
[Sun Feb 15 11:20:54 2026] [::1]:62090 Accepted
[Sun Feb 15 11:20:54 2026] [::1]:62090 [200]: GET /actions/filter-items.php?search=a&category=&status=&sort=name&dir=asc&context=view
[Sun Feb 15 11:20:54 2026] [::1]:62090 Closing
[Sun Feb 15 11:20:54 2026] [::1]:51667 Accepted
[Sun Feb 15 11:20:54 2026] [::1]:51667 [200]: GET /actions/autocomplete-items.php?term=a
[Sun Feb 15 11:20:54 2026] [::1]:51667 Closing
[Sun Feb 15 11:20:56 2026] [::1]:60422 Accepted
[Sun Feb 15 11:20:56 2026] [::1]:60422 [200]: GET /actions/filter-items.php?search=&category=&status=&sort=name&dir=asc&context=view
[Sun Feb 15 11:20:56 2026] [::1]:60422 Closing
[Sun Feb 15 11:20:59 2026] [::1]:61341 Accepted
[Sun Feb 15 11:20:59 2026] [::1]:61341 [200]: GET /view.php
[Sun Feb 15 11:20:59 2026] [::1]:61341 Closing
[Sun Feb 15 11:20:59 2026] [::1]:61343 Accepted
[Sun Feb 15 11:20:59 2026] [::1]:61343 [200]: GET /style.css?v=1771129259
[Sun Feb 15 11:20:59 2026] [::1]:61343 Closing
[Sun Feb 15 11:20:59 2026] [::1]:52512 Accepted
[Sun Feb 15 11:20:59 2026] [::1]:52512 [200]: GET /script.js?v=1771129259
[Sun Feb 15 11:20:59 2026] [::1]:52512 Closing
[Sun Feb 15 11:21:02 2026] [::1]:58794 Accepted
[Sun Feb 15 11:21:02 2026] [::1]:58794 [200]: GET /actions/filter-items.php?search=a&category=&status=&sort=name&dir=asc&context=view
[Sun Feb 15 11:21:02 2026] [::1]:58794 Closing
[Sun Feb 15 11:21:03 2026] [::1]:58796 Accepted
[Sun Feb 15 11:21:03 2026] [::1]:58796 [200]: GET /actions/autocomplete-items.php?term=a
[Sun Feb 15 11:21:03 2026] [::1]:58796 Closing
[Sun Feb 15 11:21:04 2026] [::1]:52137 Accepted
[Sun Feb 15 11:21:04 2026] [::1]:52137 [200]: GET /actions/filter-items.php?search=&category=&status=&sort=name&dir=asc&context=view
[Sun Feb 15 11:21:04 2026] [::1]:52137 Closing
[Sun Feb 15 11:21:08 2026] [::1]:61501 Accepted
[Sun Feb 15 11:21:08 2026] [::1]:61501 [200]: GET /actions/filter-items.php?search=&category=Chemical&status=&sort=name&dir=asc&context=view
[Sun Feb 15 11:21:08 2026] [::1]:61501 Closing
[Sun Feb 15 11:21:09 2026] [::1]:63388 Accepted
[Sun Feb 15 11:21:09 2026] [::1]:63388 [200]: GET /actions/filter-items.php?search=&category=&status=&sort=name&dir=asc&context=view
[Sun Feb 15 11:21:09 2026] [::1]:63388 Closing
[Sun Feb 15 11:21:25 2026] [::1]:60636 Accepted
[Sun Feb 15 11:21:25 2026] [::1]:60636 [200]: GET /style.css?v=1771129259
[Sun Feb 15 11:21:25 2026] [::1]:60636 Closing
[Sun Feb 15 11:21:25 2026] [::1]:59784 Accepted
[Sun Feb 15 11:21:25 2026] [::1]:59784 [404]: GET /.well-known/appspecific/com.chrome.devtools.json - No such file or directory
[Sun Feb 15 11:21:25 2026] [::1]:59784 Closing
